<?xml version="1.0" encoding="UTF-8"?>
<!-- Generated by org.testng.reporters.JUnitReportReporter -->
<testsuite skipped="0" hostname="DESKTOP-ORIHKAL" name="qaclickacedemy.AppiumTest" tests="2" failures="0" timestamp="2020-09-03T22:56:03 IST" time="0.017" errors="0">
  <testcase name="NativeAppAndroid" time="0.002" classname="qaclickacedemy.AppiumTest"/>
  <system-out/>
  <testcase name="IOSApp" time="0.015" classname="qaclickacedemy.AppiumTest"/>
  <system-out/>
</testsuite> <!-- qaclickacedemy.AppiumTest -->
