<?xml version="1.0" encoding="UTF-8"?>
<!-- Generated by org.testng.reporters.JUnitReportReporter -->
<testsuite skipped="0" hostname="DESKTOP-ORIHKAL" name="qaclickacedemy.SeleniumTest" tests="2" failures="0" timestamp="2020-09-04T00:38:38 IST" time="0.002" errors="0">
  <testcase name="ElementsUI" time="0.001" classname="qaclickacedemy.SeleniumTest"/>
  <system-out/>
  <testcase name="BrowserAutomate" time="0.001" classname="qaclickacedemy.SeleniumTest"/>
  <system-out/>
</testsuite> <!-- qaclickacedemy.SeleniumTest -->
