<?xml version="1.0" encoding="UTF-8"?>
<!-- Generated by org.testng.reporters.JUnitReportReporter -->
<testsuite skipped="0" hostname="DESKTOP-ORIHKAL" name="qaclickacedemy.RESTAPITest" tests="2" failures="0" timestamp="2020-09-04T00:38:11 IST" time="0.002" errors="0">
  <testcase name="deletetwitter" time="0.001" classname="qaclickacedemy.RESTAPITest"/>
  <system-out/>
  <testcase name="PostJira" time="0.001" classname="qaclickacedemy.RESTAPITest"/>
  <system-out/>
</testsuite> <!-- qaclickacedemy.RESTAPITest -->
