<?xml version="1.0" encoding="UTF-8"?>
<!-- Generated by org.testng.reporters.JUnitReportReporter -->
<testsuite skipped="0" hostname="DESKTOP-ORIHKAL" name="qaclickacedemy.SeleniumTest" tests="2" failures="0" timestamp="2020-09-04T22:30:14 IST" time="0.055" errors="0">
  <testcase name="ElementsUI" time="0.001" classname="qaclickacedemy.SeleniumTest"/>
  <system-out/>
  <testcase name="BrowserAutomate" time="0.054" classname="qaclickacedemy.SeleniumTest"/>
  <system-out/>
</testsuite> <!-- qaclickacedemy.SeleniumTest -->
