<?xml version="1.0" encoding="UTF-8"?>
<!-- Generated by org.testng.reporters.JUnitReportReporter -->
<testsuite skipped="0" hostname="DESKTOP-ORIHKAL" name="qaclickacedemy.AppiumTest" tests="2" failures="0" timestamp="2020-09-04T00:38:38 IST" time="0.007" errors="0">
  <testcase name="NativeAppAndroid" time="0.000" classname="qaclickacedemy.AppiumTest"/>
  <system-out/>
  <testcase name="IOSApp" time="0.007" classname="qaclickacedemy.AppiumTest"/>
  <system-out/>
</testsuite> <!-- qaclickacedemy.AppiumTest -->
